<?xml version="1.0" encoding="UTF-8"?>
<testng-results ignored="0" total="1" passed="1" failed="0" skipped="0">
  <reporter-output>
  </reporter-output>
  <suite started-at="2022-06-12T19:44:32 IST" name="Default suite" finished-at="2022-06-12T19:44:32 IST" duration-ms="59">
    <groups>
    </groups>
    <test started-at="2022-06-12T19:44:32 IST" name="Default test" finished-at="2022-06-12T19:44:32 IST" duration-ms="59">
      <class name="TestNg.Exam">
        <test-method is-config="true" signature="beforeTest()[pri:0, instance:TestNg.Exam@10e92f8f]" started-at="2022-06-12T19:44:32 IST" name="beforeTest" finished-at="2022-06-12T19:44:32 IST" duration-ms="6" status="PASS">
          <reporter-output>
          </reporter-output>
        </test-method> <!-- beforeTest -->
        <test-method is-config="true" signature="beforeClass()[pri:0, instance:TestNg.Exam@10e92f8f]" started-at="2022-06-12T19:44:32 IST" name="beforeClass" finished-at="2022-06-12T19:44:32 IST" duration-ms="0" status="PASS">
          <reporter-output>
          </reporter-output>
        </test-method> <!-- beforeClass -->
        <test-method is-config="true" signature="beforeMethod()[pri:0, instance:TestNg.Exam@10e92f8f]" started-at="2022-06-12T19:44:32 IST" name="beforeMethod" finished-at="2022-06-12T19:44:32 IST" duration-ms="0" status="PASS">
          <reporter-output>
          </reporter-output>
        </test-method> <!-- beforeMethod -->
        <test-method signature="test()[pri:0, instance:TestNg.Exam@10e92f8f]" started-at="2022-06-12T19:44:32 IST" name="test" finished-at="2022-06-12T19:44:32 IST" duration-ms="13" status="PASS">
          <reporter-output>
          </reporter-output>
        </test-method> <!-- test -->
        <test-method is-config="true" signature="afterMethod()[pri:0, instance:TestNg.Exam@10e92f8f]" started-at="2022-06-12T19:44:32 IST" name="afterMethod" finished-at="2022-06-12T19:44:32 IST" duration-ms="0" status="PASS">
          <reporter-output>
          </reporter-output>
        </test-method> <!-- afterMethod -->
        <test-method is-config="true" signature="afterClass()[pri:0, instance:TestNg.Exam@10e92f8f]" started-at="2022-06-12T19:44:32 IST" name="afterClass" finished-at="2022-06-12T19:44:32 IST" duration-ms="1" status="PASS">
          <reporter-output>
          </reporter-output>
        </test-method> <!-- afterClass -->
        <test-method is-config="true" signature="afterTest()[pri:0, instance:TestNg.Exam@10e92f8f]" started-at="2022-06-12T19:44:32 IST" name="afterTest" finished-at="2022-06-12T19:44:32 IST" duration-ms="1" status="PASS">
          <reporter-output>
          </reporter-output>
        </test-method> <!-- afterTest -->
      </class> <!-- TestNg.Exam -->
    </test> <!-- Default test -->
  </suite> <!-- Default suite -->
</testng-results>
